{"D:\\Data\\Projects\\app.maf.run\\src\\utils\\maf-safety-adjustments.ts": {"path":"D:\\Data\\Projects\\app.maf.run\\src\\utils\\maf-safety-adjustments.ts","all":false,"statementMap":{"5":{"start":{"line":6,"column":0},"end":{"line":6,"column":70}},"8":{"start":{"line":9,"column":0},"end":{"line":9,"column":81}},"9":{"start":{"line":10,"column":0},"end":{"line":10,"column":31}},"10":{"start":{"line":11,"column":0},"end":{"line":11,"column":28}},"11":{"start":{"line":12,"column":0},"end":{"line":12,"column":76}},"12":{"start":{"line":13,"column":0},"end":{"line":13,"column":82}},"14":{"start":{"line":15,"column":0},"end":{"line":15,"column":14}},"15":{"start":{"line":16,"column":0},"end":{"line":16,"column":16}},"16":{"start":{"line":17,"column":0},"end":{"line":17,"column":30}},"17":{"start":{"line":18,"column":0},"end":{"line":18,"column":42}},"18":{"start":{"line":19,"column":0},"end":{"line":19,"column":99}},"19":{"start":{"line":20,"column":0},"end":{"line":20,"column":25}},"20":{"start":{"line":21,"column":0},"end":{"line":21,"column":8}},"21":{"start":{"line":22,"column":0},"end":{"line":22,"column":5}},"22":{"start":{"line":23,"column":0},"end":{"line":23,"column":16}},"23":{"start":{"line":24,"column":0},"end":{"line":24,"column":5}},"24":{"start":{"line":25,"column":0},"end":{"line":25,"column":2}},"27":{"start":{"line":28,"column":0},"end":{"line":28,"column":40}},"28":{"start":{"line":29,"column":0},"end":{"line":29,"column":27}},"29":{"start":{"line":30,"column":0},"end":{"line":30,"column":27}},"30":{"start":{"line":31,"column":0},"end":{"line":31,"column":13}},"31":{"start":{"line":32,"column":0},"end":{"line":32,"column":22}},"32":{"start":{"line":33,"column":0},"end":{"line":33,"column":39}},"33":{"start":{"line":34,"column":0},"end":{"line":34,"column":43}},"36":{"start":{"line":37,"column":0},"end":{"line":37,"column":18}},"37":{"start":{"line":38,"column":0},"end":{"line":38,"column":53}},"38":{"start":{"line":39,"column":0},"end":{"line":39,"column":60}},"39":{"start":{"line":40,"column":0},"end":{"line":40,"column":16}},"40":{"start":{"line":41,"column":0},"end":{"line":41,"column":18}},"41":{"start":{"line":42,"column":0},"end":{"line":42,"column":66}},"42":{"start":{"line":43,"column":0},"end":{"line":43,"column":29}},"43":{"start":{"line":44,"column":0},"end":{"line":44,"column":10}},"44":{"start":{"line":45,"column":0},"end":{"line":45,"column":7}},"45":{"start":{"line":46,"column":0},"end":{"line":46,"column":18}},"46":{"start":{"line":47,"column":0},"end":{"line":47,"column":7}},"47":{"start":{"line":48,"column":0},"end":{"line":48,"column":3}},"50":{"start":{"line":51,"column":0},"end":{"line":51,"column":71}},"51":{"start":{"line":52,"column":0},"end":{"line":52,"column":77}},"53":{"start":{"line":54,"column":0},"end":{"line":54,"column":19}},"54":{"start":{"line":55,"column":0},"end":{"line":55,"column":35}},"55":{"start":{"line":56,"column":0},"end":{"line":56,"column":53}},"56":{"start":{"line":57,"column":0},"end":{"line":57,"column":48}},"57":{"start":{"line":58,"column":0},"end":{"line":58,"column":58}},"58":{"start":{"line":59,"column":0},"end":{"line":59,"column":7}},"59":{"start":{"line":60,"column":0},"end":{"line":60,"column":18}},"60":{"start":{"line":61,"column":0},"end":{"line":61,"column":7}},"61":{"start":{"line":62,"column":0},"end":{"line":62,"column":3}},"64":{"start":{"line":65,"column":0},"end":{"line":65,"column":21}},"65":{"start":{"line":66,"column":0},"end":{"line":66,"column":35}},"66":{"start":{"line":67,"column":0},"end":{"line":67,"column":53}},"67":{"start":{"line":68,"column":0},"end":{"line":68,"column":48}},"68":{"start":{"line":69,"column":0},"end":{"line":69,"column":58}},"69":{"start":{"line":70,"column":0},"end":{"line":70,"column":7}},"70":{"start":{"line":71,"column":0},"end":{"line":71,"column":18}},"71":{"start":{"line":72,"column":0},"end":{"line":72,"column":7}},"72":{"start":{"line":73,"column":0},"end":{"line":73,"column":3}},"75":{"start":{"line":76,"column":0},"end":{"line":76,"column":33}},"76":{"start":{"line":77,"column":0},"end":{"line":77,"column":53}},"77":{"start":{"line":78,"column":0},"end":{"line":78,"column":60}},"78":{"start":{"line":79,"column":0},"end":{"line":79,"column":16}},"79":{"start":{"line":80,"column":0},"end":{"line":80,"column":18}},"80":{"start":{"line":81,"column":0},"end":{"line":81,"column":48}},"81":{"start":{"line":82,"column":0},"end":{"line":82,"column":54}},"82":{"start":{"line":83,"column":0},"end":{"line":83,"column":22}},"83":{"start":{"line":84,"column":0},"end":{"line":84,"column":10}},"84":{"start":{"line":85,"column":0},"end":{"line":85,"column":7}},"85":{"start":{"line":86,"column":0},"end":{"line":86,"column":18}},"86":{"start":{"line":87,"column":0},"end":{"line":87,"column":7}},"87":{"start":{"line":88,"column":0},"end":{"line":88,"column":3}},"89":{"start":{"line":90,"column":0},"end":{"line":90,"column":26}},"90":{"start":{"line":91,"column":0},"end":{"line":91,"column":2}}},"s":{"5":1,"8":1,"9":12,"10":27,"11":22,"12":22,"14":22,"15":22,"16":22,"17":22,"18":6,"19":16,"20":22,"21":22,"22":5,"23":12,"24":12,"27":1,"28":19,"29":19,"30":19,"31":19,"32":19,"33":19,"36":19,"37":5,"38":12,"39":7,"40":7,"41":7,"42":7,"43":7,"44":7,"45":5,"46":5,"47":5,"50":19,"51":15,"53":19,"54":5,"55":5,"56":7,"57":5,"58":5,"59":2,"60":5,"61":5,"64":19,"65":4,"66":4,"67":4,"68":2,"69":2,"70":2,"71":4,"72":4,"75":19,"76":5,"77":6,"78":4,"79":4,"80":4,"81":4,"82":4,"83":4,"84":4,"85":2,"86":5,"87":5,"89":19,"90":19},"branchMap":{"0":{"type":"branch","line":9,"loc":{"start":{"line":9,"column":34},"end":{"line":25,"column":2}},"locations":[{"start":{"line":9,"column":34},"end":{"line":25,"column":2}}]},"1":{"type":"branch","line":10,"loc":{"start":{"line":10,"column":22},"end":{"line":24,"column":3}},"locations":[{"start":{"line":10,"column":22},"end":{"line":24,"column":3}}]},"2":{"type":"branch","line":11,"loc":{"start":{"line":11,"column":27},"end":{"line":22,"column":5}},"locations":[{"start":{"line":11,"column":27},"end":{"line":22,"column":5}}]},"3":{"type":"branch","line":18,"loc":{"start":{"line":18,"column":32},"end":{"line":19,"column":99}},"locations":[{"start":{"line":18,"column":32},"end":{"line":19,"column":99}}]},"4":{"type":"branch","line":19,"loc":{"start":{"line":19,"column":98},"end":{"line":20,"column":25}},"locations":[{"start":{"line":19,"column":98},"end":{"line":20,"column":25}}]},"5":{"type":"branch","line":22,"loc":{"start":{"line":22,"column":4},"end":{"line":23,"column":16}},"locations":[{"start":{"line":22,"column":4},"end":{"line":23,"column":16}}]},"6":{"type":"branch","line":28,"loc":{"start":{"line":28,"column":39},"end":{"line":91,"column":2}},"locations":[{"start":{"line":28,"column":39},"end":{"line":91,"column":2}}]},"7":{"type":"branch","line":37,"loc":{"start":{"line":37,"column":17},"end":{"line":48,"column":3}},"locations":[{"start":{"line":37,"column":17},"end":{"line":48,"column":3}}]},"8":{"type":"branch","line":51,"loc":{"start":{"line":51,"column":64},"end":{"line":52,"column":77}},"locations":[{"start":{"line":51,"column":64},"end":{"line":52,"column":77}}]},"9":{"type":"branch","line":54,"loc":{"start":{"line":54,"column":18},"end":{"line":62,"column":3}},"locations":[{"start":{"line":54,"column":18},"end":{"line":62,"column":3}}]},"10":{"type":"branch","line":65,"loc":{"start":{"line":65,"column":20},"end":{"line":73,"column":3}},"locations":[{"start":{"line":65,"column":20},"end":{"line":73,"column":3}}]},"11":{"type":"branch","line":76,"loc":{"start":{"line":76,"column":32},"end":{"line":88,"column":3}},"locations":[{"start":{"line":76,"column":32},"end":{"line":88,"column":3}}]},"12":{"type":"branch","line":38,"loc":{"start":{"line":38,"column":44},"end":{"line":47,"column":5}},"locations":[{"start":{"line":38,"column":44},"end":{"line":47,"column":5}}]},"13":{"type":"branch","line":39,"loc":{"start":{"line":39,"column":24},"end":{"line":39,"column":59}},"locations":[{"start":{"line":39,"column":24},"end":{"line":39,"column":59}}]},"14":{"type":"branch","line":39,"loc":{"start":{"line":39,"column":59},"end":{"line":45,"column":7}},"locations":[{"start":{"line":39,"column":59},"end":{"line":45,"column":7}}]},"15":{"type":"branch","line":45,"loc":{"start":{"line":45,"column":6},"end":{"line":46,"column":18}},"locations":[{"start":{"line":45,"column":6},"end":{"line":46,"column":18}}]},"16":{"type":"branch","line":56,"loc":{"start":{"line":56,"column":44},"end":{"line":61,"column":5}},"locations":[{"start":{"line":56,"column":44},"end":{"line":61,"column":5}}]},"17":{"type":"branch","line":57,"loc":{"start":{"line":57,"column":47},"end":{"line":59,"column":7}},"locations":[{"start":{"line":57,"column":47},"end":{"line":59,"column":7}}]},"18":{"type":"branch","line":59,"loc":{"start":{"line":59,"column":6},"end":{"line":60,"column":18}},"locations":[{"start":{"line":59,"column":6},"end":{"line":60,"column":18}}]},"19":{"type":"branch","line":67,"loc":{"start":{"line":67,"column":44},"end":{"line":72,"column":5}},"locations":[{"start":{"line":67,"column":44},"end":{"line":72,"column":5}}]},"20":{"type":"branch","line":68,"loc":{"start":{"line":68,"column":47},"end":{"line":71,"column":18}},"locations":[{"start":{"line":68,"column":47},"end":{"line":71,"column":18}}]},"21":{"type":"branch","line":77,"loc":{"start":{"line":77,"column":44},"end":{"line":87,"column":5}},"locations":[{"start":{"line":77,"column":44},"end":{"line":87,"column":5}}]},"22":{"type":"branch","line":78,"loc":{"start":{"line":78,"column":24},"end":{"line":78,"column":59}},"locations":[{"start":{"line":78,"column":24},"end":{"line":78,"column":59}}]},"23":{"type":"branch","line":78,"loc":{"start":{"line":78,"column":59},"end":{"line":85,"column":7}},"locations":[{"start":{"line":78,"column":59},"end":{"line":85,"column":7}}]},"24":{"type":"branch","line":85,"loc":{"start":{"line":85,"column":6},"end":{"line":86,"column":18}},"locations":[{"start":{"line":85,"column":6},"end":{"line":86,"column":18}}]}},"b":{"0":[12],"1":[27],"2":[22],"3":[6],"4":[16],"5":[5],"6":[19],"7":[5],"8":[15],"9":[5],"10":[4],"11":[5],"12":[12],"13":[9],"14":[7],"15":[5],"16":[7],"17":[5],"18":[2],"19":[4],"20":[2],"21":[6],"22":[4],"23":[4],"24":[2]},"fnMap":{"0":{"name":"adjustForProbation","decl":{"start":{"line":9,"column":34},"end":{"line":25,"column":2}},"loc":{"start":{"line":9,"column":34},"end":{"line":25,"column":2}},"line":9},"1":{"name":"adjustScheduleForSafety","decl":{"start":{"line":28,"column":39},"end":{"line":91,"column":2}},"loc":{"start":{"line":28,"column":39},"end":{"line":91,"column":2}},"line":28}},"f":{"0":12,"1":19}}
,"D:\\Data\\Projects\\app.maf.run\\src\\utils\\maf-schedule-generator.ts": {"path":"D:\\Data\\Projects\\app.maf.run\\src\\utils\\maf-schedule-generator.ts","all":false,"statementMap":{"5":{"start":{"line":6,"column":0},"end":{"line":6,"column":57}},"8":{"start":{"line":9,"column":0},"end":{"line":9,"column":78}},"9":{"start":{"line":10,"column":0},"end":{"line":10,"column":18}},"10":{"start":{"line":11,"column":0},"end":{"line":11,"column":32}},"13":{"start":{"line":14,"column":0},"end":{"line":14,"column":14}},"14":{"start":{"line":15,"column":0},"end":{"line":15,"column":82}},"15":{"start":{"line":16,"column":0},"end":{"line":16,"column":80}},"16":{"start":{"line":17,"column":0},"end":{"line":17,"column":87}},"17":{"start":{"line":18,"column":0},"end":{"line":18,"column":80}},"18":{"start":{"line":19,"column":0},"end":{"line":19,"column":75}},"19":{"start":{"line":20,"column":0},"end":{"line":20,"column":83}},"20":{"start":{"line":21,"column":0},"end":{"line":21,"column":93}},"21":{"start":{"line":22,"column":0},"end":{"line":22,"column":8}},"23":{"start":{"line":24,"column":0},"end":{"line":24,"column":30}},"26":{"start":{"line":27,"column":0},"end":{"line":27,"column":14}},"27":{"start":{"line":28,"column":0},"end":{"line":28,"column":86}},"28":{"start":{"line":29,"column":0},"end":{"line":29,"column":83}},"29":{"start":{"line":30,"column":0},"end":{"line":30,"column":83}},"30":{"start":{"line":31,"column":0},"end":{"line":31,"column":83}},"31":{"start":{"line":32,"column":0},"end":{"line":32,"column":75}},"32":{"start":{"line":33,"column":0},"end":{"line":33,"column":90}},"33":{"start":{"line":34,"column":0},"end":{"line":34,"column":85}},"34":{"start":{"line":35,"column":0},"end":{"line":35,"column":8}},"36":{"start":{"line":37,"column":0},"end":{"line":37,"column":37}},"39":{"start":{"line":40,"column":0},"end":{"line":40,"column":14}},"40":{"start":{"line":41,"column":0},"end":{"line":41,"column":90}},"41":{"start":{"line":42,"column":0},"end":{"line":42,"column":82}},"42":{"start":{"line":43,"column":0},"end":{"line":43,"column":85}},"43":{"start":{"line":44,"column":0},"end":{"line":44,"column":82}},"44":{"start":{"line":45,"column":0},"end":{"line":45,"column":81}},"45":{"start":{"line":46,"column":0},"end":{"line":46,"column":90}},"46":{"start":{"line":47,"column":0},"end":{"line":47,"column":83}},"47":{"start":{"line":48,"column":0},"end":{"line":48,"column":8}},"49":{"start":{"line":50,"column":0},"end":{"line":50,"column":12}},"50":{"start":{"line":51,"column":0},"end":{"line":51,"column":16}},"51":{"start":{"line":52,"column":0},"end":{"line":52,"column":3}},"52":{"start":{"line":53,"column":0},"end":{"line":53,"column":2}}},"s":{"5":1,"8":1,"9":34,"10":34,"13":10,"14":10,"15":10,"16":10,"17":10,"18":10,"19":10,"20":10,"21":10,"23":34,"26":11,"27":11,"28":11,"29":11,"30":11,"31":11,"32":11,"33":11,"34":11,"36":34,"39":12,"40":12,"41":12,"42":12,"43":12,"44":12,"45":12,"46":12,"47":12,"49":34,"50":1,"51":34,"52":34},"branchMap":{"0":{"type":"branch","line":9,"loc":{"start":{"line":9,"column":33},"end":{"line":53,"column":2}},"locations":[{"start":{"line":9,"column":33},"end":{"line":53,"column":2}}]},"1":{"type":"branch","line":11,"loc":{"start":{"line":11,"column":4},"end":{"line":22,"column":8}},"locations":[{"start":{"line":11,"column":4},"end":{"line":22,"column":8}}]},"2":{"type":"branch","line":24,"loc":{"start":{"line":24,"column":4},"end":{"line":35,"column":8}},"locations":[{"start":{"line":24,"column":4},"end":{"line":35,"column":8}}]},"3":{"type":"branch","line":37,"loc":{"start":{"line":37,"column":4},"end":{"line":48,"column":8}},"locations":[{"start":{"line":37,"column":4},"end":{"line":48,"column":8}}]},"4":{"type":"branch","line":50,"loc":{"start":{"line":50,"column":4},"end":{"line":51,"column":16}},"locations":[{"start":{"line":50,"column":4},"end":{"line":51,"column":16}}]}},"b":{"0":[34],"1":[10],"2":[11],"3":[12],"4":[1]},"fnMap":{"0":{"name":"getWeeklySchedule","decl":{"start":{"line":9,"column":33},"end":{"line":53,"column":2}},"loc":{"start":{"line":9,"column":33},"end":{"line":53,"column":2}},"line":9}},"f":{"0":34}}
,"D:\\Data\\Projects\\app.maf.run\\src\\utils\\maf-session-formatter.ts": {"path":"D:\\Data\\Projects\\app.maf.run\\src\\utils\\maf-session-formatter.ts","all":false,"statementMap":{"8":{"start":{"line":9,"column":0},"end":{"line":9,"column":116}},"10":{"start":{"line":11,"column":0},"end":{"line":11,"column":37}},"13":{"start":{"line":14,"column":0},"end":{"line":14,"column":28}},"14":{"start":{"line":15,"column":0},"end":{"line":15,"column":34}},"15":{"start":{"line":16,"column":0},"end":{"line":16,"column":12}},"16":{"start":{"line":17,"column":0},"end":{"line":17,"column":33}},"17":{"start":{"line":18,"column":0},"end":{"line":18,"column":52}},"18":{"start":{"line":19,"column":0},"end":{"line":19,"column":52}},"19":{"start":{"line":20,"column":0},"end":{"line":20,"column":57}},"20":{"start":{"line":21,"column":0},"end":{"line":21,"column":17}},"21":{"start":{"line":22,"column":0},"end":{"line":22,"column":3}},"24":{"start":{"line":25,"column":0},"end":{"line":25,"column":28}},"25":{"start":{"line":26,"column":0},"end":{"line":26,"column":79}},"26":{"start":{"line":27,"column":0},"end":{"line":27,"column":3}},"28":{"start":{"line":29,"column":0},"end":{"line":29,"column":20}},"29":{"start":{"line":30,"column":0},"end":{"line":30,"column":22}},"30":{"start":{"line":31,"column":0},"end":{"line":31,"column":54}},"31":{"start":{"line":32,"column":0},"end":{"line":32,"column":31}},"32":{"start":{"line":33,"column":0},"end":{"line":33,"column":30}},"34":{"start":{"line":35,"column":0},"end":{"line":35,"column":10}},"35":{"start":{"line":36,"column":0},"end":{"line":36,"column":68}},"36":{"start":{"line":37,"column":0},"end":{"line":37,"column":75}},"37":{"start":{"line":38,"column":0},"end":{"line":38,"column":65}},"38":{"start":{"line":39,"column":0},"end":{"line":39,"column":15}},"39":{"start":{"line":40,"column":0},"end":{"line":40,"column":2}}},"s":{"8":1,"10":20,"13":20,"14":4,"15":4,"16":4,"17":4,"18":4,"19":4,"20":4,"21":4,"24":20,"25":4,"26":4,"28":11,"29":11,"30":11,"31":11,"32":11,"34":11,"35":11,"36":11,"37":11,"38":11,"39":11},"branchMap":{"0":{"type":"branch","line":9,"loc":{"start":{"line":9,"column":36},"end":{"line":40,"column":2}},"locations":[{"start":{"line":9,"column":36},"end":{"line":40,"column":2}}]},"1":{"type":"branch","line":11,"loc":{"start":{"line":11,"column":27},"end":{"line":11,"column":37}},"locations":[{"start":{"line":11,"column":27},"end":{"line":11,"column":37}}]},"2":{"type":"branch","line":11,"loc":{"start":{"line":11,"column":34},"end":{"line":14,"column":27}},"locations":[{"start":{"line":11,"column":34},"end":{"line":14,"column":27}}]},"3":{"type":"branch","line":14,"loc":{"start":{"line":14,"column":27},"end":{"line":22,"column":3}},"locations":[{"start":{"line":14,"column":27},"end":{"line":22,"column":3}}]},"4":{"type":"branch","line":22,"loc":{"start":{"line":22,"column":2},"end":{"line":25,"column":27}},"locations":[{"start":{"line":22,"column":2},"end":{"line":25,"column":27}}]},"5":{"type":"branch","line":25,"loc":{"start":{"line":25,"column":27},"end":{"line":27,"column":3}},"locations":[{"start":{"line":25,"column":27},"end":{"line":27,"column":3}}]},"6":{"type":"branch","line":27,"loc":{"start":{"line":27,"column":2},"end":{"line":40,"column":2}},"locations":[{"start":{"line":27,"column":2},"end":{"line":40,"column":2}}]}},"b":{"0":[20],"1":[1],"2":[19],"3":[4],"4":[15],"5":[4],"6":[11]},"fnMap":{"0":{"name":"formatSessionDetails","decl":{"start":{"line":9,"column":36},"end":{"line":40,"column":2}},"loc":{"start":{"line":9,"column":36},"end":{"line":40,"column":2}},"line":9}},"f":{"0":20}}
,"D:\\Data\\Projects\\app.maf.run\\src\\utils\\maf-smart-long-run.ts": {"path":"D:\\Data\\Projects\\app.maf.run\\src\\utils\\maf-smart-long-run.ts","all":false,"statementMap":{"5":{"start":{"line":6,"column":0},"end":{"line":6,"column":60}},"7":{"start":{"line":8,"column":0},"end":{"line":8,"column":47}},"10":{"start":{"line":11,"column":0},"end":{"line":11,"column":38}},"11":{"start":{"line":12,"column":0},"end":{"line":12,"column":35}},"12":{"start":{"line":13,"column":0},"end":{"line":13,"column":29}},"13":{"start":{"line":14,"column":0},"end":{"line":14,"column":22}},"14":{"start":{"line":15,"column":0},"end":{"line":15,"column":35}},"15":{"start":{"line":16,"column":0},"end":{"line":16,"column":18}},"16":{"start":{"line":17,"column":0},"end":{"line":17,"column":30}},"17":{"start":{"line":18,"column":0},"end":{"line":18,"column":43}},"18":{"start":{"line":19,"column":0},"end":{"line":19,"column":26}},"21":{"start":{"line":22,"column":0},"end":{"line":22,"column":68}},"22":{"start":{"line":23,"column":0},"end":{"line":23,"column":70}},"25":{"start":{"line":26,"column":0},"end":{"line":26,"column":26}},"26":{"start":{"line":27,"column":0},"end":{"line":27,"column":83}},"27":{"start":{"line":28,"column":0},"end":{"line":28,"column":88}},"29":{"start":{"line":30,"column":0},"end":{"line":30,"column":26}},"30":{"start":{"line":31,"column":0},"end":{"line":31,"column":43}},"33":{"start":{"line":34,"column":0},"end":{"line":34,"column":33}},"34":{"start":{"line":35,"column":0},"end":{"line":35,"column":63}},"35":{"start":{"line":36,"column":0},"end":{"line":36,"column":33}},"36":{"start":{"line":37,"column":0},"end":{"line":37,"column":41}},"37":{"start":{"line":38,"column":0},"end":{"line":38,"column":40}},"38":{"start":{"line":39,"column":0},"end":{"line":39,"column":36}},"39":{"start":{"line":40,"column":0},"end":{"line":40,"column":6}},"40":{"start":{"line":41,"column":0},"end":{"line":41,"column":63}},"42":{"start":{"line":43,"column":0},"end":{"line":43,"column":12}},"43":{"start":{"line":44,"column":0},"end":{"line":44,"column":52}},"44":{"start":{"line":45,"column":0},"end":{"line":45,"column":175}},"45":{"start":{"line":46,"column":0},"end":{"line":46,"column":32}},"46":{"start":{"line":47,"column":0},"end":{"line":47,"column":6}},"47":{"start":{"line":48,"column":0},"end":{"line":48,"column":3}},"50":{"start":{"line":51,"column":0},"end":{"line":51,"column":27}},"51":{"start":{"line":52,"column":0},"end":{"line":52,"column":12}},"52":{"start":{"line":53,"column":0},"end":{"line":53,"column":19}},"53":{"start":{"line":54,"column":0},"end":{"line":54,"column":146}},"54":{"start":{"line":55,"column":0},"end":{"line":55,"column":32}},"55":{"start":{"line":56,"column":0},"end":{"line":56,"column":6}},"56":{"start":{"line":57,"column":0},"end":{"line":57,"column":3}},"58":{"start":{"line":59,"column":0},"end":{"line":59,"column":26}},"59":{"start":{"line":60,"column":0},"end":{"line":60,"column":12}},"60":{"start":{"line":61,"column":0},"end":{"line":61,"column":19}},"61":{"start":{"line":62,"column":0},"end":{"line":62,"column":118}},"62":{"start":{"line":63,"column":0},"end":{"line":63,"column":32}},"63":{"start":{"line":64,"column":0},"end":{"line":64,"column":6}},"64":{"start":{"line":65,"column":0},"end":{"line":65,"column":3}},"66":{"start":{"line":67,"column":0},"end":{"line":67,"column":36}},"67":{"start":{"line":68,"column":0},"end":{"line":68,"column":12}},"68":{"start":{"line":69,"column":0},"end":{"line":69,"column":29}},"69":{"start":{"line":70,"column":0},"end":{"line":70,"column":142}},"70":{"start":{"line":71,"column":0},"end":{"line":71,"column":32}},"71":{"start":{"line":72,"column":0},"end":{"line":72,"column":6}},"72":{"start":{"line":73,"column":0},"end":{"line":73,"column":3}},"75":{"start":{"line":76,"column":0},"end":{"line":76,"column":52}},"76":{"start":{"line":77,"column":0},"end":{"line":77,"column":44}},"79":{"start":{"line":80,"column":0},"end":{"line":80,"column":32}},"80":{"start":{"line":81,"column":0},"end":{"line":81,"column":47}},"82":{"start":{"line":83,"column":0},"end":{"line":83,"column":35}},"83":{"start":{"line":84,"column":0},"end":{"line":84,"column":72}},"84":{"start":{"line":85,"column":0},"end":{"line":85,"column":14}},"85":{"start":{"line":86,"column":0},"end":{"line":86,"column":31}},"86":{"start":{"line":87,"column":0},"end":{"line":87,"column":158}},"87":{"start":{"line":88,"column":0},"end":{"line":88,"column":34}},"88":{"start":{"line":89,"column":0},"end":{"line":89,"column":8}},"89":{"start":{"line":90,"column":0},"end":{"line":90,"column":5}},"91":{"start":{"line":92,"column":0},"end":{"line":92,"column":30}},"92":{"start":{"line":93,"column":0},"end":{"line":93,"column":57}},"93":{"start":{"line":94,"column":0},"end":{"line":94,"column":14}},"94":{"start":{"line":95,"column":0},"end":{"line":95,"column":30}},"95":{"start":{"line":96,"column":0},"end":{"line":96,"column":149}},"96":{"start":{"line":97,"column":0},"end":{"line":97,"column":34}},"97":{"start":{"line":98,"column":0},"end":{"line":98,"column":8}},"98":{"start":{"line":99,"column":0},"end":{"line":99,"column":5}},"101":{"start":{"line":102,"column":0},"end":{"line":102,"column":12}},"102":{"start":{"line":103,"column":0},"end":{"line":103,"column":29}},"103":{"start":{"line":104,"column":0},"end":{"line":104,"column":144}},"104":{"start":{"line":105,"column":0},"end":{"line":105,"column":32}},"105":{"start":{"line":106,"column":0},"end":{"line":106,"column":6}},"106":{"start":{"line":107,"column":0},"end":{"line":107,"column":3}},"109":{"start":{"line":110,"column":0},"end":{"line":110,"column":43}},"110":{"start":{"line":111,"column":0},"end":{"line":111,"column":55}},"112":{"start":{"line":113,"column":0},"end":{"line":113,"column":33}},"113":{"start":{"line":114,"column":0},"end":{"line":114,"column":37}},"114":{"start":{"line":115,"column":0},"end":{"line":115,"column":123}},"115":{"start":{"line":116,"column":0},"end":{"line":116,"column":180}},"116":{"start":{"line":117,"column":0},"end":{"line":117,"column":96}},"117":{"start":{"line":118,"column":0},"end":{"line":118,"column":5}},"119":{"start":{"line":120,"column":0},"end":{"line":120,"column":35}},"120":{"start":{"line":121,"column":0},"end":{"line":121,"column":14}},"121":{"start":{"line":122,"column":0},"end":{"line":122,"column":31}},"122":{"start":{"line":123,"column":0},"end":{"line":123,"column":136}},"123":{"start":{"line":124,"column":0},"end":{"line":124,"column":34}},"124":{"start":{"line":125,"column":0},"end":{"line":125,"column":8}},"125":{"start":{"line":126,"column":0},"end":{"line":126,"column":5}},"127":{"start":{"line":128,"column":0},"end":{"line":128,"column":30}},"128":{"start":{"line":129,"column":0},"end":{"line":129,"column":81}},"129":{"start":{"line":130,"column":0},"end":{"line":130,"column":14}},"130":{"start":{"line":131,"column":0},"end":{"line":131,"column":33}},"131":{"start":{"line":132,"column":0},"end":{"line":132,"column":128}},"132":{"start":{"line":133,"column":0},"end":{"line":133,"column":34}},"133":{"start":{"line":134,"column":0},"end":{"line":134,"column":8}},"134":{"start":{"line":135,"column":0},"end":{"line":135,"column":5}},"136":{"start":{"line":137,"column":0},"end":{"line":137,"column":12}},"137":{"start":{"line":138,"column":0},"end":{"line":138,"column":28}},"138":{"start":{"line":139,"column":0},"end":{"line":139,"column":144}},"139":{"start":{"line":140,"column":0},"end":{"line":140,"column":32}},"140":{"start":{"line":141,"column":0},"end":{"line":141,"column":6}},"141":{"start":{"line":142,"column":0},"end":{"line":142,"column":3}},"144":{"start":{"line":145,"column":0},"end":{"line":145,"column":33}},"145":{"start":{"line":146,"column":0},"end":{"line":146,"column":56}},"146":{"start":{"line":147,"column":0},"end":{"line":147,"column":56}},"148":{"start":{"line":149,"column":0},"end":{"line":149,"column":33}},"149":{"start":{"line":150,"column":0},"end":{"line":150,"column":37}},"150":{"start":{"line":151,"column":0},"end":{"line":151,"column":136}},"151":{"start":{"line":152,"column":0},"end":{"line":152,"column":150}},"152":{"start":{"line":153,"column":0},"end":{"line":153,"column":96}},"153":{"start":{"line":154,"column":0},"end":{"line":154,"column":5}},"155":{"start":{"line":156,"column":0},"end":{"line":156,"column":35}},"156":{"start":{"line":157,"column":0},"end":{"line":157,"column":14}},"157":{"start":{"line":158,"column":0},"end":{"line":158,"column":31}},"158":{"start":{"line":159,"column":0},"end":{"line":159,"column":152}},"159":{"start":{"line":160,"column":0},"end":{"line":160,"column":34}},"160":{"start":{"line":161,"column":0},"end":{"line":161,"column":8}},"161":{"start":{"line":162,"column":0},"end":{"line":162,"column":5}},"163":{"start":{"line":164,"column":0},"end":{"line":164,"column":12}},"164":{"start":{"line":165,"column":0},"end":{"line":165,"column":28}},"165":{"start":{"line":166,"column":0},"end":{"line":166,"column":142}},"166":{"start":{"line":167,"column":0},"end":{"line":167,"column":32}},"167":{"start":{"line":168,"column":0},"end":{"line":168,"column":6}},"168":{"start":{"line":169,"column":0},"end":{"line":169,"column":3}},"171":{"start":{"line":172,"column":0},"end":{"line":172,"column":10}},"172":{"start":{"line":173,"column":0},"end":{"line":173,"column":27}},"173":{"start":{"line":174,"column":0},"end":{"line":174,"column":50}},"174":{"start":{"line":175,"column":0},"end":{"line":175,"column":30}},"175":{"start":{"line":176,"column":0},"end":{"line":176,"column":4}},"176":{"start":{"line":177,"column":0},"end":{"line":177,"column":2}}},"s":{"5":1,"7":1,"10":1,"11":44,"12":44,"13":44,"14":44,"15":44,"16":44,"17":44,"18":44,"21":44,"22":44,"25":44,"26":44,"27":44,"29":44,"30":44,"33":44,"34":7,"35":7,"36":7,"37":7,"38":7,"39":7,"40":7,"42":7,"43":7,"44":7,"45":7,"46":7,"47":7,"50":44,"51":1,"52":1,"53":1,"54":1,"55":1,"56":1,"58":44,"59":1,"60":1,"61":1,"62":1,"63":1,"64":1,"66":44,"67":2,"68":2,"69":2,"70":2,"71":2,"72":2,"75":33,"76":33,"79":44,"80":7,"82":7,"83":4,"84":4,"85":4,"86":4,"87":4,"88":4,"89":4,"91":7,"92":1,"93":1,"94":1,"95":1,"96":1,"97":1,"98":1,"101":2,"102":2,"103":2,"104":2,"105":2,"106":2,"109":44,"110":21,"112":21,"113":10,"114":4,"115":6,"116":10,"117":10,"119":21,"120":1,"121":1,"122":1,"123":1,"124":1,"125":1,"127":21,"128":1,"129":1,"130":1,"131":1,"132":1,"133":1,"134":1,"136":9,"137":9,"138":9,"139":9,"140":9,"141":9,"144":5,"145":5,"146":5,"148":5,"149":1,"150":0,"151":1,"152":1,"153":1,"155":5,"156":2,"157":2,"158":2,"159":2,"160":2,"161":2,"163":2,"164":2,"165":2,"166":2,"167":2,"168":2,"171":0,"172":0,"173":0,"174":0,"175":0,"176":0},"branchMap":{"0":{"type":"branch","line":11,"loc":{"start":{"line":11,"column":37},"end":{"line":177,"column":2}},"locations":[{"start":{"line":11,"column":37},"end":{"line":177,"column":2}}]},"1":{"type":"branch","line":27,"loc":{"start":{"line":27,"column":21},"end":{"line":27,"column":83}},"locations":[{"start":{"line":27,"column":21},"end":{"line":27,"column":83}}]},"2":{"type":"branch","line":28,"loc":{"start":{"line":28,"column":17},"end":{"line":28,"column":37}},"locations":[{"start":{"line":28,"column":17},"end":{"line":28,"column":37}}]},"3":{"type":"branch","line":28,"loc":{"start":{"line":28,"column":37},"end":{"line":28,"column":88}},"locations":[{"start":{"line":28,"column":37},"end":{"line":28,"column":88}}]},"4":{"type":"branch","line":34,"loc":{"start":{"line":34,"column":7},"end":{"line":34,"column":32}},"locations":[{"start":{"line":34,"column":7},"end":{"line":34,"column":32}}]},"5":{"type":"branch","line":34,"loc":{"start":{"line":34,"column":32},"end":{"line":48,"column":3}},"locations":[{"start":{"line":34,"column":32},"end":{"line":48,"column":3}}]},"6":{"type":"branch","line":41,"loc":{"start":{"line":41,"column":55},"end":{"line":41,"column":63}},"locations":[{"start":{"line":41,"column":55},"end":{"line":41,"column":63}}]},"7":{"type":"branch","line":48,"loc":{"start":{"line":48,"column":2},"end":{"line":51,"column":26}},"locations":[{"start":{"line":48,"column":2},"end":{"line":51,"column":26}}]},"8":{"type":"branch","line":51,"loc":{"start":{"line":51,"column":26},"end":{"line":57,"column":3}},"locations":[{"start":{"line":51,"column":26},"end":{"line":57,"column":3}}]},"9":{"type":"branch","line":57,"loc":{"start":{"line":57,"column":2},"end":{"line":59,"column":25}},"locations":[{"start":{"line":57,"column":2},"end":{"line":59,"column":25}}]},"10":{"type":"branch","line":59,"loc":{"start":{"line":59,"column":25},"end":{"line":65,"column":3}},"locations":[{"start":{"line":59,"column":25},"end":{"line":65,"column":3}}]},"11":{"type":"branch","line":65,"loc":{"start":{"line":65,"column":2},"end":{"line":67,"column":22}},"locations":[{"start":{"line":65,"column":2},"end":{"line":67,"column":22}}]},"12":{"type":"branch","line":67,"loc":{"start":{"line":67,"column":15},"end":{"line":67,"column":35}},"locations":[{"start":{"line":67,"column":15},"end":{"line":67,"column":35}}]},"13":{"type":"branch","line":67,"loc":{"start":{"line":67,"column":35},"end":{"line":73,"column":3}},"locations":[{"start":{"line":67,"column":35},"end":{"line":73,"column":3}}]},"14":{"type":"branch","line":73,"loc":{"start":{"line":73,"column":2},"end":{"line":80,"column":31}},"locations":[{"start":{"line":73,"column":2},"end":{"line":80,"column":31}}]},"15":{"type":"branch","line":80,"loc":{"start":{"line":80,"column":31},"end":{"line":107,"column":3}},"locations":[{"start":{"line":80,"column":31},"end":{"line":107,"column":3}}]},"16":{"type":"branch","line":83,"loc":{"start":{"line":83,"column":34},"end":{"line":90,"column":5}},"locations":[{"start":{"line":83,"column":34},"end":{"line":90,"column":5}}]},"17":{"type":"branch","line":90,"loc":{"start":{"line":90,"column":4},"end":{"line":92,"column":29}},"locations":[{"start":{"line":90,"column":4},"end":{"line":92,"column":29}}]},"18":{"type":"branch","line":92,"loc":{"start":{"line":92,"column":29},"end":{"line":99,"column":5}},"locations":[{"start":{"line":92,"column":29},"end":{"line":99,"column":5}}]},"19":{"type":"branch","line":99,"loc":{"start":{"line":99,"column":4},"end":{"line":107,"column":3}},"locations":[{"start":{"line":99,"column":4},"end":{"line":107,"column":3}}]},"20":{"type":"branch","line":107,"loc":{"start":{"line":107,"column":2},"end":{"line":110,"column":42}},"locations":[{"start":{"line":107,"column":2},"end":{"line":110,"column":42}}]},"21":{"type":"branch","line":110,"loc":{"start":{"line":110,"column":42},"end":{"line":142,"column":3}},"locations":[{"start":{"line":110,"column":42},"end":{"line":142,"column":3}}]},"22":{"type":"branch","line":113,"loc":{"start":{"line":113,"column":32},"end":{"line":118,"column":5}},"locations":[{"start":{"line":113,"column":32},"end":{"line":118,"column":5}}]},"23":{"type":"branch","line":114,"loc":{"start":{"line":114,"column":25},"end":{"line":115,"column":123}},"locations":[{"start":{"line":114,"column":25},"end":{"line":115,"column":123}}]},"24":{"type":"branch","line":115,"loc":{"start":{"line":115,"column":83},"end":{"line":116,"column":180}},"locations":[{"start":{"line":115,"column":83},"end":{"line":116,"column":180}}]},"25":{"type":"branch","line":118,"loc":{"start":{"line":118,"column":4},"end":{"line":120,"column":34}},"locations":[{"start":{"line":118,"column":4},"end":{"line":120,"column":34}}]},"26":{"type":"branch","line":120,"loc":{"start":{"line":120,"column":34},"end":{"line":126,"column":5}},"locations":[{"start":{"line":120,"column":34},"end":{"line":126,"column":5}}]},"27":{"type":"branch","line":126,"loc":{"start":{"line":126,"column":4},"end":{"line":128,"column":29}},"locations":[{"start":{"line":126,"column":4},"end":{"line":128,"column":29}}]},"28":{"type":"branch","line":128,"loc":{"start":{"line":128,"column":29},"end":{"line":135,"column":5}},"locations":[{"start":{"line":128,"column":29},"end":{"line":135,"column":5}}]},"29":{"type":"branch","line":135,"loc":{"start":{"line":135,"column":4},"end":{"line":142,"column":3}},"locations":[{"start":{"line":135,"column":4},"end":{"line":142,"column":3}}]},"30":{"type":"branch","line":142,"loc":{"start":{"line":142,"column":2},"end":{"line":169,"column":3}},"locations":[{"start":{"line":142,"column":2},"end":{"line":169,"column":3}}]},"31":{"type":"branch","line":149,"loc":{"start":{"line":149,"column":32},"end":{"line":154,"column":5}},"locations":[{"start":{"line":149,"column":32},"end":{"line":154,"column":5}}]},"32":{"type":"branch","line":150,"loc":{"start":{"line":150,"column":25},"end":{"line":151,"column":136}},"locations":[{"start":{"line":150,"column":25},"end":{"line":151,"column":136}}]},"33":{"type":"branch","line":154,"loc":{"start":{"line":154,"column":4},"end":{"line":156,"column":34}},"locations":[{"start":{"line":154,"column":4},"end":{"line":156,"column":34}}]},"34":{"type":"branch","line":156,"loc":{"start":{"line":156,"column":34},"end":{"line":169,"column":3}},"locations":[{"start":{"line":156,"column":34},"end":{"line":169,"column":3}}]},"35":{"type":"branch","line":169,"loc":{"start":{"line":169,"column":2},"end":{"line":177,"column":2}},"locations":[{"start":{"line":169,"column":2},"end":{"line":177,"column":2}}]}},"b":{"0":[44],"1":[5],"2":[6],"3":[1],"4":[37],"5":[7],"6":[0],"7":[37],"8":[1],"9":[36],"10":[1],"11":[35],"12":[34],"13":[2],"14":[33],"15":[7],"16":[4],"17":[3],"18":[1],"19":[2],"20":[26],"21":[21],"22":[10],"23":[4],"24":[6],"25":[11],"26":[1],"27":[10],"28":[1],"29":[9],"30":[5],"31":[1],"32":[0],"33":[4],"34":[2],"35":[0]},"fnMap":{"0":{"name":"calculateSmartLongRun","decl":{"start":{"line":11,"column":37},"end":{"line":177,"column":2}},"loc":{"start":{"line":11,"column":37},"end":{"line":177,"column":2}},"line":11}},"f":{"0":44}}
,"D:\\Data\\Projects\\app.maf.run\\src\\utils\\maf-volume-cap.ts": {"path":"D:\\Data\\Projects\\app.maf.run\\src\\utils\\maf-volume-cap.ts","all":false,"statementMap":{"5":{"start":{"line":6,"column":0},"end":{"line":6,"column":57}},"9":{"start":{"line":10,"column":0},"end":{"line":10,"column":64}},"10":{"start":{"line":11,"column":0},"end":{"line":11,"column":29}},"11":{"start":{"line":12,"column":0},"end":{"line":12,"column":39}},"12":{"start":{"line":13,"column":0},"end":{"line":13,"column":47}},"13":{"start":{"line":14,"column":0},"end":{"line":14,"column":41}},"14":{"start":{"line":15,"column":0},"end":{"line":15,"column":4}},"15":{"start":{"line":16,"column":0},"end":{"line":16,"column":27}},"16":{"start":{"line":17,"column":0},"end":{"line":17,"column":39}},"17":{"start":{"line":18,"column":0},"end":{"line":18,"column":47}},"18":{"start":{"line":19,"column":0},"end":{"line":19,"column":41}},"19":{"start":{"line":20,"column":0},"end":{"line":20,"column":4}},"20":{"start":{"line":21,"column":0},"end":{"line":21,"column":34}},"21":{"start":{"line":22,"column":0},"end":{"line":22,"column":40}},"22":{"start":{"line":23,"column":0},"end":{"line":23,"column":47}},"23":{"start":{"line":24,"column":0},"end":{"line":24,"column":43}},"24":{"start":{"line":25,"column":0},"end":{"line":25,"column":3}},"25":{"start":{"line":26,"column":0},"end":{"line":26,"column":2}},"28":{"start":{"line":29,"column":0},"end":{"line":29,"column":66}},"29":{"start":{"line":30,"column":0},"end":{"line":30,"column":12}},"30":{"start":{"line":31,"column":0},"end":{"line":31,"column":19}},"31":{"start":{"line":32,"column":0},"end":{"line":32,"column":11}},"32":{"start":{"line":33,"column":0},"end":{"line":33,"column":16}},"33":{"start":{"line":34,"column":0},"end":{"line":34,"column":43}},"34":{"start":{"line":35,"column":0},"end":{"line":35,"column":51}},"35":{"start":{"line":36,"column":0},"end":{"line":36,"column":2}},"38":{"start":{"line":39,"column":0},"end":{"line":39,"column":39}},"39":{"start":{"line":40,"column":0},"end":{"line":40,"column":27}},"40":{"start":{"line":41,"column":0},"end":{"line":41,"column":34}},"41":{"start":{"line":42,"column":0},"end":{"line":42,"column":29}},"42":{"start":{"line":43,"column":0},"end":{"line":43,"column":66}},"43":{"start":{"line":44,"column":0},"end":{"line":44,"column":70}},"45":{"start":{"line":46,"column":0},"end":{"line":46,"column":78}},"48":{"start":{"line":49,"column":0},"end":{"line":49,"column":34}},"49":{"start":{"line":50,"column":0},"end":{"line":50,"column":12}},"50":{"start":{"line":51,"column":0},"end":{"line":51,"column":33}},"51":{"start":{"line":52,"column":0},"end":{"line":52,"column":24}},"52":{"start":{"line":53,"column":0},"end":{"line":53,"column":34}},"53":{"start":{"line":54,"column":0},"end":{"line":54,"column":33}},"54":{"start":{"line":55,"column":0},"end":{"line":55,"column":6}},"55":{"start":{"line":56,"column":0},"end":{"line":56,"column":3}},"57":{"start":{"line":58,"column":0},"end":{"line":58,"column":42}},"60":{"start":{"line":61,"column":0},"end":{"line":61,"column":35}},"61":{"start":{"line":62,"column":0},"end":{"line":62,"column":62}},"62":{"start":{"line":63,"column":0},"end":{"line":63,"column":90}},"63":{"start":{"line":64,"column":0},"end":{"line":64,"column":77}},"65":{"start":{"line":66,"column":0},"end":{"line":66,"column":89}},"67":{"start":{"line":68,"column":0},"end":{"line":68,"column":29}},"68":{"start":{"line":69,"column":0},"end":{"line":69,"column":12}},"69":{"start":{"line":70,"column":0},"end":{"line":70,"column":33}},"70":{"start":{"line":71,"column":0},"end":{"line":71,"column":24}},"71":{"start":{"line":72,"column":0},"end":{"line":72,"column":34}},"72":{"start":{"line":73,"column":0},"end":{"line":73,"column":34}},"73":{"start":{"line":74,"column":0},"end":{"line":74,"column":81}},"74":{"start":{"line":75,"column":0},"end":{"line":75,"column":6}},"75":{"start":{"line":76,"column":0},"end":{"line":76,"column":3}},"77":{"start":{"line":78,"column":0},"end":{"line":78,"column":41}},"78":{"start":{"line":79,"column":0},"end":{"line":79,"column":31}},"80":{"start":{"line":81,"column":0},"end":{"line":81,"column":40}},"81":{"start":{"line":82,"column":0},"end":{"line":82,"column":36}},"83":{"start":{"line":84,"column":0},"end":{"line":84,"column":74}},"84":{"start":{"line":85,"column":0},"end":{"line":85,"column":77}},"85":{"start":{"line":86,"column":0},"end":{"line":86,"column":55}},"87":{"start":{"line":88,"column":0},"end":{"line":88,"column":36}},"89":{"start":{"line":90,"column":0},"end":{"line":90,"column":68}},"90":{"start":{"line":91,"column":0},"end":{"line":91,"column":44}},"91":{"start":{"line":92,"column":0},"end":{"line":92,"column":46}},"92":{"start":{"line":93,"column":0},"end":{"line":93,"column":49}},"93":{"start":{"line":94,"column":0},"end":{"line":94,"column":6}},"95":{"start":{"line":96,"column":0},"end":{"line":96,"column":39}},"96":{"start":{"line":97,"column":0},"end":{"line":97,"column":3}},"98":{"start":{"line":99,"column":0},"end":{"line":99,"column":82}},"100":{"start":{"line":101,"column":0},"end":{"line":101,"column":10}},"101":{"start":{"line":102,"column":0},"end":{"line":102,"column":21}},"102":{"start":{"line":103,"column":0},"end":{"line":103,"column":21}},"103":{"start":{"line":104,"column":0},"end":{"line":104,"column":32}},"104":{"start":{"line":105,"column":0},"end":{"line":105,"column":28}},"105":{"start":{"line":106,"column":0},"end":{"line":106,"column":251}},"106":{"start":{"line":107,"column":0},"end":{"line":107,"column":4}},"107":{"start":{"line":108,"column":0},"end":{"line":108,"column":2}},"110":{"start":{"line":111,"column":0},"end":{"line":111,"column":82}},"111":{"start":{"line":112,"column":0},"end":{"line":112,"column":64}},"112":{"start":{"line":113,"column":0},"end":{"line":113,"column":2}},"115":{"start":{"line":116,"column":0},"end":{"line":116,"column":42}},"116":{"start":{"line":117,"column":0},"end":{"line":117,"column":27}},"117":{"start":{"line":118,"column":0},"end":{"line":118,"column":34}},"118":{"start":{"line":119,"column":0},"end":{"line":119,"column":14}},"119":{"start":{"line":120,"column":0},"end":{"line":120,"column":54}},"120":{"start":{"line":121,"column":0},"end":{"line":121,"column":66}},"121":{"start":{"line":122,"column":0},"end":{"line":122,"column":59}},"122":{"start":{"line":123,"column":0},"end":{"line":123,"column":39}},"123":{"start":{"line":124,"column":0},"end":{"line":124,"column":29}},"125":{"start":{"line":126,"column":0},"end":{"line":126,"column":133}},"126":{"start":{"line":127,"column":0},"end":{"line":127,"column":2}}},"s":{"5":1,"9":1,"10":1,"11":1,"12":1,"13":1,"14":1,"15":1,"16":1,"17":1,"18":1,"19":1,"20":1,"21":1,"22":1,"23":1,"24":1,"25":1,"28":1,"29":1,"30":1,"31":1,"32":1,"33":1,"34":1,"35":1,"38":1,"39":14,"40":14,"41":14,"42":14,"43":14,"45":14,"48":14,"49":8,"50":8,"51":8,"52":8,"53":8,"54":8,"55":8,"57":6,"60":6,"61":6,"62":6,"63":6,"65":6,"67":14,"68":1,"69":1,"70":1,"71":1,"72":1,"73":1,"74":1,"75":1,"77":5,"78":5,"80":14,"81":14,"83":12,"84":12,"85":12,"87":12,"89":12,"90":12,"91":12,"92":12,"93":12,"95":12,"96":12,"98":5,"100":5,"101":5,"102":5,"103":5,"104":5,"105":5,"106":5,"107":5,"110":1,"111":19,"112":19,"115":1,"116":15,"117":15,"118":15,"119":15,"120":15,"121":15,"122":15,"123":15,"125":15,"126":15},"branchMap":{"0":{"type":"branch","line":39,"loc":{"start":{"line":39,"column":38},"end":{"line":108,"column":2}},"locations":[{"start":{"line":39,"column":38},"end":{"line":108,"column":2}}]},"1":{"type":"branch","line":49,"loc":{"start":{"line":49,"column":33},"end":{"line":56,"column":3}},"locations":[{"start":{"line":49,"column":33},"end":{"line":56,"column":3}}]},"2":{"type":"branch","line":56,"loc":{"start":{"line":56,"column":2},"end":{"line":68,"column":28}},"locations":[{"start":{"line":56,"column":2},"end":{"line":68,"column":28}}]},"3":{"type":"branch","line":68,"loc":{"start":{"line":68,"column":28},"end":{"line":76,"column":3}},"locations":[{"start":{"line":68,"column":28},"end":{"line":76,"column":3}}]},"4":{"type":"branch","line":76,"loc":{"start":{"line":76,"column":2},"end":{"line":81,"column":39}},"locations":[{"start":{"line":76,"column":2},"end":{"line":81,"column":39}}]},"5":{"type":"branch","line":82,"loc":{"start":{"line":82,"column":30},"end":{"line":82,"column":36}},"locations":[{"start":{"line":82,"column":30},"end":{"line":82,"column":36}}]},"6":{"type":"branch","line":82,"loc":{"start":{"line":82,"column":30},"end":{"line":88,"column":36}},"locations":[{"start":{"line":82,"column":30},"end":{"line":88,"column":36}}]},"7":{"type":"branch","line":88,"loc":{"start":{"line":88,"column":27},"end":{"line":88,"column":36}},"locations":[{"start":{"line":88,"column":27},"end":{"line":88,"column":36}}]},"8":{"type":"branch","line":88,"loc":{"start":{"line":88,"column":27},"end":{"line":97,"column":3}},"locations":[{"start":{"line":88,"column":27},"end":{"line":97,"column":3}}]},"9":{"type":"branch","line":97,"loc":{"start":{"line":97,"column":2},"end":{"line":108,"column":2}},"locations":[{"start":{"line":97,"column":2},"end":{"line":108,"column":2}}]},"10":{"type":"branch","line":46,"loc":{"start":{"line":46,"column":39},"end":{"line":46,"column":75}},"locations":[{"start":{"line":46,"column":39},"end":{"line":46,"column":75}}]},"11":{"type":"branch","line":62,"loc":{"start":{"line":62,"column":9},"end":{"line":62,"column":61}},"locations":[{"start":{"line":62,"column":9},"end":{"line":62,"column":61}}]},"12":{"type":"branch","line":63,"loc":{"start":{"line":63,"column":12},"end":{"line":63,"column":89}},"locations":[{"start":{"line":63,"column":12},"end":{"line":63,"column":89}}]},"13":{"type":"branch","line":63,"loc":{"start":{"line":63,"column":55},"end":{"line":63,"column":89}},"locations":[{"start":{"line":63,"column":55},"end":{"line":63,"column":89}}]},"14":{"type":"branch","line":64,"loc":{"start":{"line":64,"column":10},"end":{"line":64,"column":75}},"locations":[{"start":{"line":64,"column":10},"end":{"line":64,"column":75}}]},"15":{"type":"branch","line":66,"loc":{"start":{"line":66,"column":50},"end":{"line":66,"column":86}},"locations":[{"start":{"line":66,"column":50},"end":{"line":66,"column":86}}]},"16":{"type":"branch","line":99,"loc":{"start":{"line":99,"column":43},"end":{"line":99,"column":79}},"locations":[{"start":{"line":99,"column":43},"end":{"line":99,"column":79}}]},"17":{"type":"branch","line":111,"loc":{"start":{"line":111,"column":43},"end":{"line":113,"column":2}},"locations":[{"start":{"line":111,"column":43},"end":{"line":113,"column":2}}]},"18":{"type":"branch","line":112,"loc":{"start":{"line":112,"column":25},"end":{"line":112,"column":61}},"locations":[{"start":{"line":112,"column":25},"end":{"line":112,"column":61}}]},"19":{"type":"branch","line":116,"loc":{"start":{"line":116,"column":41},"end":{"line":127,"column":2}},"locations":[{"start":{"line":116,"column":41},"end":{"line":127,"column":2}}]},"20":{"type":"branch","line":126,"loc":{"start":{"line":126,"column":45},"end":{"line":126,"column":65}},"locations":[{"start":{"line":126,"column":45},"end":{"line":126,"column":65}}]},"21":{"type":"branch","line":126,"loc":{"start":{"line":126,"column":59},"end":{"line":126,"column":67}},"locations":[{"start":{"line":126,"column":59},"end":{"line":126,"column":67}}]}},"b":{"0":[14],"1":[8],"2":[6],"3":[1],"4":[5],"5":[2],"6":[12],"7":[0],"8":[12],"9":[5],"10":[40],"11":[19],"12":[19],"13":[14],"14":[9],"15":[14],"16":[18],"17":[19],"18":[47],"19":[15],"20":[3],"21":[12]},"fnMap":{"0":{"name":"enforceWeeklyVolumeCap","decl":{"start":{"line":39,"column":38},"end":{"line":108,"column":2}},"loc":{"start":{"line":39,"column":38},"end":{"line":108,"column":2}},"line":39},"1":{"name":"calculateTotalWeeklyMinutes","decl":{"start":{"line":111,"column":43},"end":{"line":113,"column":2}},"loc":{"start":{"line":111,"column":43},"end":{"line":113,"column":2}},"line":111},"2":{"name":"formatWeeklyVolumeSummary","decl":{"start":{"line":116,"column":41},"end":{"line":127,"column":2}},"loc":{"start":{"line":116,"column":41},"end":{"line":127,"column":2}},"line":116}},"f":{"0":14,"1":19,"2":15}}
}
